[2025/02/17 14:44:22 main.go][23]: logger print 
[2025/02/17 14:47:14 main.go][28]:  
[2025/02/17 14:47:14 main.go][29]: logger print 
[2025/02/17 14:47:20 main.go][28]:  
[2025/02/17 14:47:20 main.go][29]: logger print 
[2025/02/17 14:47:21 main.go][28]:  
[2025/02/17 14:47:21 main.go][29]: logger print 
[2025/02/17 14:48:48 main.go][28]:  
[2025/02/17 14:50:43 main.go][28]: agent 
[2025/02/17 14:59:03 main.go][38]: {false warning info agent 31536000 []  } 
[2025/02/17 15:00:28 main.go][38]: {false warning info agent 31536000 []  } 
[2025/02/17 15:01:00 main.go][38]: [] 
[2025/02/17 15:02:01 main.go][39]: [java go python] 
[2025/02/18 18:15:38 main.go][64]: [32 199 253 182 175 198 247 32 68 32 214 208 181 196 190 237 202 199 32 208 194 188 211 190 237 13 10 32 190 237 181 196 208 242 193 208 186 197 202 199 32 53 67 53 54 45 69 67 69 55 13 10 13 10 32 100 58 92 71 105 116 95 67 111 100 101 92 105 110 100 105 99 97 116 111 114 92 105 110 100 105 99 97 116 111 114 32 181 196 196 191 194 188 13 10 13 10 50 48 50 53 47 48 50 47 49 55 32 32 50 50 58 52 55 32 32 32 32 60 68 73 82 62 32 32 32 32 32 32 32 32 32 32 46 13 10 50 48 50 53 47 48 50 47 49 53 32 32 49 53 58 49 57 32 32 32 32 60 68 73 82 62 32 32 32 32 32 32 32 32 32 32 46 46 13 10 50 48 50 53 47 48 50 47 49 53 32 32 49 53 58 53 57 32 32 32 32 60 68 73 82 62 32 32 32 32 32 32 32 32 32 32 46 116 114 117 110 107 13 10 50 48 50 53 47 48 50 47 49 53 32 32 49 53 58 50 49 32 32 32 32 60 68 73 82 62 32 32 32 32 32 32 32 32 32 32 97 112 105 13 10 50 48 50 53 47 48 50 47 49 57 32 32 48 49 58 51 56 32 32 32 32 60 68 73 82 62 32 32 32 32 32 32 32 32 32 32 99 109 100 13 10 50 48 50 53 47 48 50 47 49 53 32 32 49 53 58 48 56 32 32 32 32 60 68 73 82 62 32 32 32 32 32 32 32 32 32 32 99 111 110 102 105 103 115 13 10 50 48 50 53 47 48 50 47 49 55 32 32 50 50 58 52 51 32 32 32 32 32 32 32 32 32 32 32 32 32 32 32 32 50 56 32 103 111 46 109 111 100 13 10 50 48 50 53 47 48 50 47 49 53 32 32 49 53 58 48 56 32 32 32 32 60 68 73 82 62 32 32 32 32 32 32 32 32 32 32 105 110 116 101 114 110 97 108 13 10 50 48 50 53 47 48 50 47 49 55 32 32 50 50 58 52 55 32 32 32 32 32 32 32 32 32 50 44 52 57 51 44 52 52 48 32 109 97 105 110 46 101 120 101 13 10 50 48 50 53 47 48 50 47 49 57 32 32 48 50 58 49 53 32 32 32 32 32 32 32 32 32 32 32 32 32 49 44 56 52 53 32 109 97 105 110 46 103 111 13 10 50 48 50 53 47 48 50 47 49 55 32 32 50 50 58 51 52 32 32 32 32 60 68 73 82 62 32 32 32 32 32 32 32 32 32 32 111 117 116 112 117 116 13 10 50 48 50 53 47 48 50 47 49 55 32 32 50 51 58 48 50 32 32 32 32 32 32 32 32 32 32 32 32 32 32 32 54 51 50 32 111 117 116 112 117 116 46 108 111 103 13 10 50 48 50 53 47 48 50 47 49 53 32 32 49 53 58 48 56 32 32 32 32 60 68 73 82 62 32 32 32 32 32 32 32 32 32 32 112 107 103 13 10 50 48 50 53 47 48 50 47 49 53 32 32 49 53 58 52 56 32 32 32 32 32 32 32 32 32 32 32 32 32 49 44 51 52 50 32 82 69 65 68 77 69 46 109 100 13 10 50 48 50 53 47 48 50 47 49 53 32 32 49 53 58 48 56 32 32 32 32 60 68 73 82 62 32 32 32 32 32 32 32 32 32 32 115 99 114 105 112 116 115 13 10 50 48 50 53 47 48 50 47 49 53 32 32 49 53 58 48 56 32 32 32 32 60 68 73 82 62 32 32 32 32 32 32 32 32 32 32 115 116 117 100 121 13 10 50 48 50 53 47 48 50 47 49 53 32 32 49 53 58 48 56 32 32 32 32 60 68 73 82 62 32 32 32 32 32 32 32 32 32 32 116 101 115 116 100 97 116 97 13 10 50 48 50 53 47 48 50 47 49 53 32 32 49 53 58 48 56 32 32 32 32 60 68 73 82 62 32 32 32 32 32 32 32 32 32 32 116 101 115 116 115 13 10 50 48 50 53 47 48 50 47 49 53 32 32 49 53 58 50 50 32 32 32 32 60 68 73 82 62 32 32 32 32 32 32 32 32 32 32 119 101 98 13 10 32 32 32 32 32 32 32 32 32 32 32 32 32 32 32 53 32 184 246 206 196 188 254 32 32 32 32 32 32 50 44 52 57 55 44 50 56 55 32 215 214 189 218 13 10 32 32 32 32 32 32 32 32 32 32 32 32 32 32 49 52 32 184 246 196 191 194 188 32 52 48 44 49 52 51 44 49 51 56 44 56 49 54 32 191 201 211 195 215 214 189 218 13 10] <nil> 
[2025/02/18 18:15:38 main.go][50]: runmode - agent 
[2025/02/18 18:15:38 main.go][78]: {false warning info agent 31536000 []  } 
[2025/02/18 18:17:43 main.go][64]:  驱动器 D 中的卷是 新加卷
 卷的序列号是 5C56-ECE7

 d:\Git_Code\indicator\indicator 的目录

2025/02/17  22:47    <DIR>          .
2025/02/15  15:19    <DIR>          ..
2025/02/15  15:59    <DIR>          .trunk
2025/02/15  15:21    <DIR>          api
2025/02/19  01:38    <DIR>          cmd
2025/02/15  15:08    <DIR>          configs
2025/02/17  22:43                28 go.mod
2025/02/15  15:08    <DIR>          internal
2025/02/17  22:47         2,493,440 main.exe
2025/02/19  02:15             1,845 main.go
2025/02/17  22:34    <DIR>          output
2025/02/19  02:15             4,029 output.log
2025/02/15  15:08    <DIR>          pkg
2025/02/15  15:48             1,342 README.md
2025/02/15  15:08    <DIR>          scripts
2025/02/15  15:08    <DIR>          study
2025/02/15  15:08    <DIR>          testdata
2025/02/15  15:08    <DIR>          tests
2025/02/15  15:22    <DIR>          web
               5 个文件      2,500,684 字节
              14 个目录 40,143,138,816 可用字节
 <nil> 
[2025/02/18 18:17:43 main.go][50]: runmode - agent 
[2025/02/18 18:17:43 main.go][78]: {false warning info agent 31536000 []  } 
